<?xml version="1.0" encoding="UTF-8"?>
<!-- Generated by org.testng.reporters.JUnitReportReporter -->
<testsuite hostname="DESKTOP-A4U9TD3" failures="0" tests="3" name="files.DynamicJson" time="5.441" errors="0" timestamp="2020-07-29T18:48:00 IST" skipped="0">
  <testcase classname="files.DynamicJson" name="addBook" time="0.349"/>
  <system-out/>
  <testcase classname="files.DynamicJson" name="addBook" time="4.739"/>
  <system-out/>
  <testcase classname="files.DynamicJson" name="addBook" time="0.353"/>
  <system-out/>
</testsuite> <!-- files.DynamicJson -->
