<?xml version="1.0" encoding="UTF-8"?>
<!-- Generated by org.testng.reporters.JUnitReportReporter -->
<testsuite hostname="DESKTOP-A4U9TD3" failures="0" tests="1" name="basicAPI.SumValidation" time="3.839" errors="0" timestamp="2020-07-28T19:08:38 IST" skipped="0">
  <testcase classname="basicAPI.SumValidation" name="sumOfCourses" time="3.839"/>
  <system-out/>
</testsuite> <!-- basicAPI.SumValidation -->
