<?xml version="1.0" encoding="UTF-8"?>
<!-- Generated by org.testng.reporters.JUnitReportReporter -->
<testsuite hostname="DESKTOP-A4U9TD3" failures="0" tests="1" name="files.StaticJson" time="6.241" errors="0" timestamp="2020-07-29T19:01:28 IST" skipped="0">
  <testcase classname="files.StaticJson" name="addBook" time="6.241"/>
  <system-out/>
</testsuite> <!-- files.StaticJson -->
